Exporter version: 6.2.1, Blender version: 2.80 (sub 75)
========= Conversion from Blender to Babylon.js =========
	Scene settings used :
		inline textures     :  false
		Material Type       :  PBR
		Positions Precision :  4
		Normals Precision   :  3
		UVs Precision       :  3
		Vert Color Precision:  3
		Mat Weight Precision:  2
		texture directory   :  C:\Users\User\Documents\GitHub\RicRobFanClub.github.io\
	Python World class constructor completed
	WARNING: No active camera has been assigned, or is not in a currently selected Blender layer
	processing begun of mesh:  Group57277.1
		processing begun of material:  Default
		num positions      :  5861
		num normals        :  5861
		num tangents       :  23444
		num uvs            :  0
		num uvs2           :  0
		num colors         :  0
		num indices        :  20304
========= Writing of JSON file started =========
	writing mesh:  Group57277.1
========= Writing of JSON file completed =========
========= end of processing =========
elapsed time:  0 min, 0.7059 secs
