Exporter version: 6.2.1, Blender version: 2.80 (sub 75)
========= Conversion from Blender to Babylon.js =========
	Scene settings used :
		inline textures     :  false
		Material Type       :  PBR
		Positions Precision :  4
		Normals Precision   :  3
		UVs Precision       :  3
		Vert Color Precision:  3
		Mat Weight Precision:  2
		texture directory   :  C:\Users\User\Documents\GitHub\RicRobFanClub.github.io\
	Python World class constructor completed
	WARNING: No active camera has been assigned, or is not in a currently selected Blender layer
	processing begun of mesh:  VENTRICLES
		processing begun of material:  defaultMat
			processing texture VENTRICLES
				texture type:  diffuseTexture, mapped using: "UVMap"
		Custom split normals with tangents being used
		num positions      :  31088
		num normals        :  31088
		num tangents       :  124352
		num uvs            :  62176
		num uvs2           :  0
		num colors         :  0
		num indices        :  72768
========= Writing of JSON file started =========
	writing mesh:  VENTRICLES
========= Writing of JSON file completed =========
========= end of processing =========
elapsed time:  0 min, 5.0077 secs
